0 info it worked if it ends with ok
1 verbose cli [ '/usr/local/bin/node', '/usr/local/bin/npm', 'publish' ]
2 info using npm@2.14.12
3 info using node@v4.2.4
4 verbose publish [ '.' ]
5 silly cache add args [ '.', null ]
6 verbose cache add spec .
7 silly cache add parsed spec Result {
7 silly cache add   raw: '.',
7 silly cache add   scope: null,
7 silly cache add   name: null,
7 silly cache add   rawSpec: '.',
7 silly cache add   spec: '/Users/Ben/Projects/darkmatter',
7 silly cache add   type: 'directory' }
8 verbose addLocalDirectory /Users/Ben/.npm/darkmatter/1.0.0/package.tgz not in flight; packing
9 verbose tar pack [ '/Users/Ben/.npm/darkmatter/1.0.0/package.tgz',
9 verbose tar pack   '/Users/Ben/Projects/darkmatter' ]
10 verbose tarball /Users/Ben/.npm/darkmatter/1.0.0/package.tgz
11 verbose folder /Users/Ben/Projects/darkmatter
12 info prepublish darkmatter@1.0.0
13 verbose addLocalTarball adding from inside cache /Users/Ben/.npm/darkmatter/1.0.0/package.tgz
14 silly cache afterAdd darkmatter@1.0.0
15 verbose afterAdd /Users/Ben/.npm/darkmatter/1.0.0/package/package.json not in flight; writing
16 verbose afterAdd /Users/Ben/.npm/darkmatter/1.0.0/package/package.json written
17 silly publish { name: 'darkmatter',
17 silly publish   version: '1.0.0',
17 silly publish   description: 'A micro reset library for material-ish look and feel',
17 silly publish   main: 'darkmatter.scss',
17 silly publish   scripts: { test: 'echo "Error: no test specified" && exit 1' },
17 silly publish   repository:
17 silly publish    { type: 'git',
17 silly publish      url: 'https://github.com/bensventures/darkmatter.scss' },
17 silly publish   keywords: [ 'scss', 'sass', '\'material design\'', 'reset' ],
17 silly publish   author: { name: 'Bensventures' },
17 silly publish   license: 'MIT',
17 silly publish   bugs: { url: 'https://github.com/bensventures/darkmatter.scss/issues' },
17 silly publish   homepage: 'https://github.com/bensventures/darkmatter.scss',
17 silly publish   readme: '# darkmatter.scss\nA micro reset library for material-ish look and feel.\n\n## Classes\nThe idea was to only use tag names to make it a trully drop-in reset. However some classes are used for now until a better solucion is devised:\n\n* `.icon-label` : Used in place of a text label to identify a form field. A following input will be resized to fit the icon and input on the same line (uses `display:flex`)\n* `.icon-btn`: A button that has a `.icon` in it.\n* `.icon`: An icon. Only necessary when used inside a button. Meant for svgs for now.\n* `.grouped-inputs`: Make inputs stick together. Works for textual inputs (text, number, password) and `<button>`.\n* `.textarea-label`: A label for textarea, that sticks to the top. \n',
17 silly publish   readmeFilename: 'README.md',
17 silly publish   gitHead: '420e84eb874bb3581edc8661819e18d2e5214599',
17 silly publish   _id: 'darkmatter@1.0.0',
17 silly publish   _shasum: '894b5ef33b3eb8a578c57c7b815c77f6eb6794f3',
17 silly publish   _from: '.' }
18 verbose getPublishConfig undefined
19 silly mapToRegistry name darkmatter
20 silly mapToRegistry using default registry
21 silly mapToRegistry registry https://registry.npmjs.org/
22 silly mapToRegistry uri https://registry.npmjs.org/darkmatter
23 verbose publish registryBase https://registry.npmjs.org/
24 silly publish uploading /Users/Ben/.npm/darkmatter/1.0.0/package.tgz
25 verbose request uri https://registry.npmjs.org/darkmatter
26 verbose request sending authorization for write operation
27 info attempt registry request try #1 at 12:07:18 PM
28 verbose request using bearer token for auth
29 verbose request id 5cb0db0edd2c8c4b
30 http request PUT https://registry.npmjs.org/darkmatter
31 http 403 https://registry.npmjs.org/darkmatter
32 verbose headers { 'content-type': 'application/json',
32 verbose headers   'cache-control': 'max-age=300',
32 verbose headers   'content-length': '95',
32 verbose headers   'accept-ranges': 'bytes',
32 verbose headers   date: 'Fri, 22 Jul 2016 10:07:20 GMT',
32 verbose headers   via: '1.1 varnish',
32 verbose headers   connection: 'keep-alive',
32 verbose headers   'x-served-by': 'cache-fra1248-FRA',
32 verbose headers   'x-cache': 'MISS',
32 verbose headers   'x-cache-hits': '0',
32 verbose headers   'x-timer': 'S1469182039.377203,VS0,VE894',
32 verbose headers   vary: 'Accept-Encoding' }
33 verbose request invalidating /Users/Ben/.npm/registry.npmjs.org/darkmatter on PUT
34 error publish Failed PUT 403
35 verbose stack Error: "You cannot publish over the previously published version 1.0.0." : darkmatter
35 verbose stack     at makeError (/usr/local/lib/node_modules/npm/node_modules/npm-registry-client/lib/request.js:264:12)
35 verbose stack     at CachingRegistryClient.<anonymous> (/usr/local/lib/node_modules/npm/node_modules/npm-registry-client/lib/request.js:252:14)
35 verbose stack     at Request._callback (/usr/local/lib/node_modules/npm/node_modules/npm-registry-client/lib/request.js:172:14)
35 verbose stack     at Request.self.callback (/usr/local/lib/node_modules/npm/node_modules/request/request.js:198:22)
35 verbose stack     at emitTwo (events.js:87:13)
35 verbose stack     at Request.emit (events.js:172:7)
35 verbose stack     at Request.<anonymous> (/usr/local/lib/node_modules/npm/node_modules/request/request.js:1082:10)
35 verbose stack     at emitOne (events.js:82:20)
35 verbose stack     at Request.emit (events.js:169:7)
35 verbose stack     at IncomingMessage.<anonymous> (/usr/local/lib/node_modules/npm/node_modules/request/request.js:1009:12)
36 verbose statusCode 403
37 verbose pkgid darkmatter
38 verbose cwd /Users/Ben/Projects/darkmatter
39 error Darwin 15.5.0
40 error argv "/usr/local/bin/node" "/usr/local/bin/npm" "publish"
41 error node v4.2.4
42 error npm  v2.14.12
43 error code E403
44 error "You cannot publish over the previously published version 1.0.0." : darkmatter
45 error If you need help, you may report this error at:
45 error     <https://github.com/npm/npm/issues>
46 verbose exit [ 1, true ]
